2025-03-15 05:31:06	ad12d5e3-7d24-496d-bd40-f37f3685f951	GET	/favicon.ico	undefined
2025-03-15 05:55:49	06a7c239-9a19-4a20-bac5-79b3bf04f030	OPTIONS	/	https://www.google.com
2025-03-15 05:55:49	332dc42d-fbdf-4e53-aac9-5cf0a955eee0	GET	/	https://www.google.com
2025-03-15 06:01:41	159cbaa3-14e3-4dc6-9afe-781f4536acd0	OPTIONS	/	https://www.google.com
2025-03-15 06:01:41	bad8cff8-835a-48c8-904e-217565746dd3	GET	/	https://www.google.com
2025-03-15 06:31:30	67006913-bfd8-45c4-a88e-05efaabbd997	GET	/	undefined
2025-03-15 06:31:35	a65ea010-68f5-49b2-9b8d-4902980cab8f	GET	/	undefined
2025-03-15 07:03:21	0699e1c1-352d-4c51-82c0-36a12117fd7c	GET	/favicon.ico	undefined
2025-03-15 07:03:56	e21864b7-034b-492d-a65d-329b86a78fd2	OPTIONS	/	https://www.google.com
2025-03-15 07:03:56	5e623c77-b306-4f2d-a1a5-b93fff4a6467	GET	/	https://www.google.com
2025-03-15 07:04:53	7e88e1c8-5946-407e-a051-3a0d0180b90b	OPTIONS	/	https://www.google.com
2025-03-15 07:04:53	20f0e835-53a2-41ad-a3c5-c3d4fcdc8060	GET	/	https://www.google.com
2025-03-15 07:07:32	e0973705-f2c3-436e-b208-fbf0fb03ec74	GET	/	undefined
2025-03-15 07:07:34	37791b01-5b89-414b-ac9e-a291c76ce4d6	GET	/	undefined
2025-03-16 15:52:17	f06d5fb7-4529-4d8f-bba2-0f4ca83ef1a4	GET	/	undefined
2025-03-16 16:22:44	bfcf5c76-440a-487a-b6ea-87b7852a76ea	GET	/	undefined
2025-03-16 16:22:44	11a1a747-5b47-4940-be73-eed15706a859	GET	/	undefined
2025-03-16 16:22:44	45ebb722-11e9-4c74-b9c8-61274a50eac6	GET	/	undefined
2025-03-16 16:22:44	41fe980b-3385-49ff-85e1-36b0cc6f0a91	GET	/	undefined
2025-03-16 16:22:44	e6b5e656-07ff-402b-830f-f2dbefa20bd0	OPTIONS	/	https://www.google.com
2025-03-16 16:22:44	8475442d-1052-468b-a2a2-0aac8ccf08c8	GET	/	https://www.google.com
2025-03-16 16:22:44	a35e57f1-4af4-4a85-8914-3f4ae7445f3d	OPTIONS	/	https://www.google.com
2025-03-16 16:22:44	50dd70cc-b6a4-4707-8bc8-9ac46c3d392e	GET	/	https://www.google.com
2025-03-16 16:22:44	70c5cf6a-f7d3-475b-b068-b34744d2b60e	GET	/	undefined
2025-03-16 16:22:45	61780707-bfe8-42a1-8fd3-0e9cdb437668	GET	/favicon.ico	undefined
2025-03-16 16:24:38	4d58e256-d993-4a5c-82c0-5743bfc4868e	OPTIONS	/	https://www.bing.com
2025-03-16 16:24:38	cac9c678-4ae4-423b-bbe4-ad7b62561b22	GET	/	https://www.bing.com
2025-03-16 16:37:43	84dc44ca-8500-48fe-b605-12357dba83e7	GET	/	undefined
2025-03-16 16:37:44	4af18b2e-1887-4dfa-9453-2687295ae707	GET	/	undefined
2025-03-16 16:37:44	d73941bc-9082-4bb8-8279-86eef815ae80	GET	/	undefined
2025-03-16 16:37:44	ecd0dbec-b2f2-429b-a867-c02cc84b37ab	GET	/	undefined
